__main__                  [<module>:27] 2026-02-12 19:47:39 [INFO] - ==================================================
__main__                  [<module>:28] 2026-02-12 19:47:39 [INFO] - Логирование запущено. Файл лога: logs/app.log
src.PipelineRunner        [run:44] 2026-02-12 19:47:39 [INFO] - Запуск пайплайн обработки
src.PipelineRunner        [run:49] 2026-02-12 19:47:39 [INFO] - Загружен конфиг (4 шага)
src.PipelineRunner        [run:50] 2026-02-12 19:47:39 [INFO] - Обработка картинки the_mountains.jpg...
src.PipelineRunner        [run:62] 2026-02-12 19:47:42 [INFO] - Применено: BLURMIRRORPERMUTATIONINVERT
__main__                  [main:38] 2026-02-12 19:47:42 [INFO] - Результат сохранен в /Users/aj/Projects/learning_projects/06_computer_vision/2026-02-image-manipulations/data/output/the_mountains.jpg - through orchestrator.jpg
__main__                  [<module>:27] 2026-02-12 19:48:25 [INFO] - ==================================================
__main__                  [<module>:28] 2026-02-12 19:48:25 [INFO] - Логирование запущено. Файл лога: logs/app.log
src.PipelineRunner        [run:44] 2026-02-12 19:48:25 [INFO] - Запуск пайплайн обработки
src.PipelineRunner        [run:49] 2026-02-12 19:48:25 [INFO] - Загружен конфиг (4 шага)
src.PipelineRunner        [run:50] 2026-02-12 19:48:25 [INFO] - Обработка картинки the_mountains.jpg...
src.PipelineRunner        [run:62] 2026-02-12 19:48:28 [INFO] - Применено: BLUR MIRROR PERMUTATION INVERT 
__main__                  [main:38] 2026-02-12 19:48:28 [INFO] - Результат сохранен в /Users/aj/Projects/learning_projects/06_computer_vision/2026-02-image-manipulations/data/output/the_mountains.jpg - through orchestrator.jpg
__main__                  [<module>:27] 2026-02-12 19:49:47 [INFO] - ==================================================
__main__                  [<module>:28] 2026-02-12 19:49:47 [INFO] - Логирование запущено. Файл лога: logs/app.log
src.PipelineRunner        [run:44] 2026-02-12 19:49:47 [INFO] - Запуск пайплайн обработки
src.PipelineRunner        [run:49] 2026-02-12 19:49:47 [INFO] - Загружен конфиг (1 шага)
src.PipelineRunner        [run:50] 2026-02-12 19:49:47 [INFO] - Обработка картинки the_island.jpg...
src.PipelineRunner        [run:62] 2026-02-12 19:49:47 [INFO] - Применено: PERMUTATION, 
__main__                  [main:38] 2026-02-12 19:49:47 [INFO] - Результат сохранен в /Users/aj/Projects/learning_projects/06_computer_vision/2026-02-image-manipulations/data/output/the_island.jpg - through orchestrator.jpg
__main__                  [<module>:27] 2026-02-12 19:50:54 [INFO] - ==================================================
__main__                  [<module>:28] 2026-02-12 19:50:54 [INFO] - Логирование запущено. Файл лога: logs/app.log
src.PipelineRunner        [run:44] 2026-02-12 19:50:54 [INFO] - Запуск пайплайн обработки
src.PipelineRunner        [run:49] 2026-02-12 19:50:54 [INFO] - Загружен конфиг (1 шага)
src.PipelineRunner        [run:50] 2026-02-12 19:50:54 [INFO] - Обработка картинки the_island.jpg...
__main__                  [<module>:27] 2026-02-12 19:53:14 [INFO] - ==================================================
__main__                  [<module>:28] 2026-02-12 19:53:14 [INFO] - Логирование запущено. Файл лога: logs/app.log
src.PipelineRunner        [run:44] 2026-02-12 19:53:14 [INFO] - Запуск пайплайн обработки
src.PipelineRunner        [run:49] 2026-02-12 19:53:14 [INFO] - Загружен конфиг (1 шага)
src.PipelineRunner        [run:50] 2026-02-12 19:53:14 [INFO] - Обработка картинки the_island.jpg...
root                      [apply:412] 2026-02-12 19:53:14 [ERROR] - Wrong keywords for Manipulation.PERMUTATION - ImageManipulation.permutation() got an unexpected keyword argument 'dwadaw'
__main__                  [<module>:27] 2026-02-13 07:45:58 [INFO] - ==================================================
__main__                  [<module>:28] 2026-02-13 07:45:58 [INFO] - Логирование запущено. Файл лога: logs/app.log
src.PipelineRunner        [run:44] 2026-02-13 07:45:58 [INFO] - Запуск пайплайн обработки
src.PipelineRunner        [run:49] 2026-02-13 07:45:58 [INFO] - Загружен конфиг (2 шага)
src.PipelineRunner        [run:50] 2026-02-13 07:45:58 [INFO] - Обработка картинки the_island.jpg...
root                      [mirror:307] 2026-02-13 07:45:58 [ERROR] - Неверное значение axis. См. документацию.
__main__                  [<module>:27] 2026-02-13 07:46:53 [INFO] - ==================================================
__main__                  [<module>:28] 2026-02-13 07:46:53 [INFO] - Логирование запущено. Файл лога: logs/app.log
src.PipelineRunner        [run:44] 2026-02-13 07:46:53 [INFO] - Запуск пайплайн обработки
src.PipelineRunner        [run:49] 2026-02-13 07:46:53 [INFO] - Загружен конфиг (2 шага)
src.PipelineRunner        [run:50] 2026-02-13 07:46:53 [INFO] - Обработка картинки the_island.jpg...
src.PipelineRunner        [run:62] 2026-02-13 07:46:53 [INFO] - Применено: PERMUTATION, MIRROR, 
__main__                  [main:38] 2026-02-13 07:46:53 [INFO] - Результат сохранен в ../data/output/the_island.jpg - through orchestrator.jpg
